# JRE version: Java(TM) SE Runtime Environment (15.0.2+7) (build 15.0.2+7-27)
# Java VM: Java HotSpot(TM) 64-Bit Server VM (15.0.2+7-27, mixed mode, sharing, tiered, compressed oops, parallel gc, windows-amd64)
GC Precious Log:
 CPUs: 8 total, 8 available
 Memory: 12174M
 Large Page Support: Disabled
 NUMA Support: Disabled
 Compressed Oops: Enabled (32-bit)
 Heap Min Capacity: 100M
 Heap Initial Capacity: 100M
 Heap Max Capacity: 1G
 Pre-touch: Disabled
 Parallel Workers: 8
Heap:
 PSYoungGen      total 2560K, used 1130K [0x00000000eab00000, 0x00000000eae80000, 0x0000000100000000)
  eden space 1024K, 48% used [0x00000000eab00000,0x00000000eab7c098,0x00000000eac00000)
  from space 1536K, 41% used [0x00000000eac00000,0x00000000eac9e900,0x00000000ead80000)
  to   space 1024K, 0% used [0x00000000ead80000,0x00000000ead80000,0x00000000eae80000)
 ParOldGen       total 151040K, used 125090K [0x00000000c0000000, 0x00000000c9380000, 0x00000000eab00000)
  object space 151040K, 82% used [0x00000000c0000000,0x00000000c7a28ad8,0x00000000c9380000)
 Metaspace       used 75955K, capacity 78868K, committed 78896K, reserved 1120256K
  class space    used 7291K, capacity 8315K, committed 8320K, reserved 1048576K
GC Heap History (20 events):
Event: 423.626 GC heap after
{Heap after GC invocations=1623 (full 34):
 PSYoungGen      total 2560K, used 490K [0x00000000eab00000, 0x00000000eaf00000, 0x0000000100000000)
  eden space 2048K, 0% used [0x00000000eab00000,0x00000000eab00000,0x00000000ead00000)
  from space 512K, 95% used [0x00000000ead80000,0x00000000eadfa910,0x00000000eae00000)
  to   space 1024K, 0% used [0x00000000eae00000,0x00000000eae00000,0x00000000eaf00000)
 ParOldGen       total 151040K, used 120678K [0x00000000c0000000, 0x00000000c9380000, 0x00000000eab00000)
  object space 151040K, 79% used [0x00000000c0000000,0x00000000c75d99d8,0x00000000c9380000)
 Metaspace       used 75952K, capacity 78868K, committed 78896K, reserved 1120256K
  class space    used 7291K, capacity 8315K, committed 8320K, reserved 1048576K
}
Event: 423.646 GC heap before
{Heap before GC invocations=1624 (full 34):
 PSYoungGen      total 2560K, used 2538K [0x00000000eab00000, 0x00000000eaf00000, 0x0000000100000000)
  eden space 2048K, 100% used [0x00000000eab00000,0x00000000ead00000,0x00000000ead00000)
  from space 512K, 95% used [0x00000000ead80000,0x00000000eadfa910,0x00000000eae00000)
  to   space 1024K, 0% used [0x00000000eae00000,0x00000000eae00000,0x00000000eaf00000)
 ParOldGen       total 151040K, used 120678K [0x00000000c0000000, 0x00000000c9380000, 0x00000000eab00000)
  object space 151040K, 79% used [0x00000000c0000000,0x00000000c75d99d8,0x00000000c9380000)
 Metaspace       used 75952K, capacity 78868K, committed 78896K, reserved 1120256K
  class space    used 7291K, capacity 8315K, committed 8320K, reserved 1048576K
}
Event: 423.648 GC heap after
{Heap after GC invocations=1624 (full 34):
 PSYoungGen      total 2560K, used 1022K [0x00000000eab00000, 0x00000000eb000000, 0x0000000100000000)
  eden space 1536K, 0% used [0x00000000eab00000,0x00000000eab00000,0x00000000eac80000)
  from space 1024K, 99% used [0x00000000eae00000,0x00000000eaeffb10,0x00000000eaf00000)
  to   space 1536K, 0% used [0x00000000eac80000,0x00000000eac80000,0x00000000eae00000)
 ParOldGen       total 151040K, used 121170K [0x00000000c0000000, 0x00000000c9380000, 0x00000000eab00000)
  object space 151040K, 80% used [0x00000000c0000000,0x00000000c7654bf8,0x00000000c9380000)
 Metaspace       used 75952K, capacity 78868K, committed 78896K, reserved 1120256K
  class space    used 7291K, capacity 8315K, committed 8320K, reserved 1048576K
}
Event: 423.659 GC heap before
{Heap before GC invocations=1625 (full 34):
 PSYoungGen      total 2560K, used 2558K [0x00000000eab00000, 0x00000000eb000000, 0x0000000100000000)
  eden space 1536K, 100% used [0x00000000eab00000,0x00000000eac80000,0x00000000eac80000)
  from space 1024K, 99% used [0x00000000eae00000,0x00000000eaeffb10,0x00000000eaf00000)
  to   space 1536K, 0% used [0x00000000eac80000,0x00000000eac80000,0x00000000eae00000)
 ParOldGen       total 151040K, used 121170K [0x00000000c0000000, 0x00000000c9380000, 0x00000000eab00000)
  object space 151040K, 80% used [0x00000000c0000000,0x00000000c7654bf8,0x00000000c9380000)
 Metaspace       used 75952K, capacity 78868K, committed 78896K, reserved 1120256K
  class space    used 7291K, capacity 8315K, committed 8320K, reserved 1048576K
}
Event: 423.661 GC heap after
{Heap after GC invocations=1625 (full 34):
 PSYoungGen      total 2048K, used 378K [0x00000000eab00000, 0x00000000eae80000, 0x0000000100000000)
  eden space 1536K, 0% used [0x00000000eab00000,0x00000000eab00000,0x00000000eac80000)
  from space 512K, 73% used [0x00000000eac80000,0x00000000eacde900,0x00000000ead00000)
  to   space 1024K, 0% used [0x00000000ead80000,0x00000000ead80000,0x00000000eae80000)
 ParOldGen       total 151040K, used 121959K [0x00000000c0000000, 0x00000000c9380000, 0x00000000eab00000)
  object space 151040K, 80% used [0x00000000c0000000,0x00000000c7719e18,0x00000000c9380000)
 Metaspace       used 75952K, capacity 78868K, committed 78896K, reserved 1120256K
  class space    used 7291K, capacity 8315K, committed 8320K, reserved 1048576K
}
Event: 423.674 GC heap before
{Heap before GC invocations=1626 (full 34):
 PSYoungGen      total 2048K, used 1914K [0x00000000eab00000, 0x00000000eae80000, 0x0000000100000000)
  eden space 1536K, 100% used [0x00000000eab00000,0x00000000eac80000,0x00000000eac80000)
  from space 512K, 73% used [0x00000000eac80000,0x00000000eacde900,0x00000000ead00000)
  to   space 1024K, 0% used [0x00000000ead80000,0x00000000ead80000,0x00000000eae80000)
 ParOldGen       total 151040K, used 121959K [0x00000000c0000000, 0x00000000c9380000, 0x00000000eab00000)
  object space 151040K, 80% used [0x00000000c0000000,0x00000000c7719e18,0x00000000c9380000)
 Metaspace       used 75952K, capacity 78868K, committed 78896K, reserved 1120256K
  class space    used 7291K, capacity 8315K, committed 8320K, reserved 1048576K
}
Event: 423.675 GC heap after
{Heap after GC invocations=1626 (full 34):
 PSYoungGen      total 2048K, used 410K [0x00000000eab00000, 0x00000000eae00000, 0x0000000100000000)
  eden space 1536K, 0% used [0x00000000eab00000,0x00000000eab00000,0x00000000eac80000)
  from space 512K, 80% used [0x00000000ead80000,0x00000000eade6900,0x00000000eae00000)
  to   space 512K, 0% used [0x00000000eac80000,0x00000000eac80000,0x00000000ead00000)
 ParOldGen       total 151040K, used 121991K [0x00000000c0000000, 0x00000000c9380000, 0x00000000eab00000)
  object space 151040K, 80% used [0x00000000c0000000,0x00000000c7721e18,0x00000000c9380000)
 Metaspace       used 75952K, capacity 78868K, committed 78896K, reserved 1120256K
  class space    used 7291K, capacity 8315K, committed 8320K, reserved 1048576K
}
Event: 423.680 GC heap before
{Heap before GC invocations=1627 (full 34):
 PSYoungGen      total 2048K, used 1946K [0x00000000eab00000, 0x00000000eae00000, 0x0000000100000000)
  eden space 1536K, 100% used [0x00000000eab00000,0x00000000eac80000,0x00000000eac80000)
  from space 512K, 80% used [0x00000000ead80000,0x00000000eade6900,0x00000000eae00000)
  to   space 512K, 0% used [0x00000000eac80000,0x00000000eac80000,0x00000000ead00000)
 ParOldGen       total 151040K, used 121991K [0x00000000c0000000, 0x00000000c9380000, 0x00000000eab00000)
  object space 151040K, 80% used [0x00000000c0000000,0x00000000c7721e18,0x00000000c9380000)
 Metaspace       used 75952K, capacity 78868K, committed 78896K, reserved 1120256K
  class space    used 7291K, capacity 8315K, committed 8320K, reserved 1048576K
}
Event: 423.681 GC heap after
{Heap after GC invocations=1627 (full 34):
 PSYoungGen      total 2048K, used 474K [0x00000000eab00000, 0x00000000eae00000, 0x0000000100000000)
  eden space 1536K, 0% used [0x00000000eab00000,0x00000000eab00000,0x00000000eac80000)
  from space 512K, 92% used [0x00000000eac80000,0x00000000eacf6900,0x00000000ead00000)
  to   space 512K, 0% used [0x00000000ead80000,0x00000000ead80000,0x00000000eae00000)
 ParOldGen       total 151040K, used 122308K [0x00000000c0000000, 0x00000000c9380000, 0x00000000eab00000)
  object space 151040K, 80% used [0x00000000c0000000,0x00000000c7771038,0x00000000c9380000)
 Metaspace       used 75952K, capacity 78868K, committed 78896K, reserved 1120256K
  class space    used 7291K, capacity 8315K, committed 8320K, reserved 1048576K
}
Event: 423.686 GC heap before
{Heap before GC invocations=1628 (full 34):
 PSYoungGen      total 2048K, used 2010K [0x00000000eab00000, 0x00000000eae00000, 0x0000000100000000)
  eden space 1536K, 100% used [0x00000000eab00000,0x00000000eac80000,0x00000000eac80000)
  from space 512K, 92% used [0x00000000eac80000,0x00000000eacf6900,0x00000000ead00000)
  to   space 512K, 0% used [0x00000000ead80000,0x00000000ead80000,0x00000000eae00000)
 ParOldGen       total 151040K, used 122308K [0x00000000c0000000, 0x00000000c9380000, 0x00000000eab00000)
  object space 151040K, 80% used [0x00000000c0000000,0x00000000c7771038,0x00000000c9380000)
 Metaspace       used 75952K, capacity 78868K, committed 78896K, reserved 1120256K
  class space    used 7291K, capacity 8315K, committed 8320K, reserved 1048576K
}
Event: 423.688 GC heap after
{Heap after GC invocations=1628 (full 34):
 PSYoungGen      total 2048K, used 500K [0x00000000eab00000, 0x00000000eaf00000, 0x0000000100000000)
  eden space 1536K, 0% used [0x00000000eab00000,0x00000000eab00000,0x00000000eac80000)
  from space 512K, 97% used [0x00000000ead80000,0x00000000eadfd200,0x00000000eae00000)
  to   space 1024K, 0% used [0x00000000eac80000,0x00000000eac80000,0x00000000ead80000)
 ParOldGen       total 151040K, used 122540K [0x00000000c0000000, 0x00000000c9380000, 0x00000000eab00000)
  object space 151040K, 81% used [0x00000000c0000000,0x00000000c77ab038,0x00000000c9380000)
 Metaspace       used 75952K, capacity 78868K, committed 78896K, reserved 1120256K
  class space    used 7291K, capacity 8315K, committed 8320K, reserved 1048576K
}
Event: 423.699 GC heap before
{Heap before GC invocations=1629 (full 34):
 PSYoungGen      total 2048K, used 2036K [0x00000000eab00000, 0x00000000eaf00000, 0x0000000100000000)
  eden space 1536K, 100% used [0x00000000eab00000,0x00000000eac80000,0x00000000eac80000)
  from space 512K, 97% used [0x00000000ead80000,0x00000000eadfd200,0x00000000eae00000)
  to   space 1024K, 0% used [0x00000000eac80000,0x00000000eac80000,0x00000000ead80000)
 ParOldGen       total 151040K, used 122540K [0x00000000c0000000, 0x00000000c9380000, 0x00000000eab00000)
  object space 151040K, 81% used [0x00000000c0000000,0x00000000c77ab038,0x00000000c9380000)
 Metaspace       used 75952K, capacity 78868K, committed 78896K, reserved 1120256K
  class space    used 7291K, capacity 8315K, committed 8320K, reserved 1048576K
}
Event: 423.700 GC heap after
{Heap after GC invocations=1629 (full 34):
 PSYoungGen      total 2560K, used 192K [0x00000000eab00000, 0x00000000eae00000, 0x0000000100000000)
  eden space 1536K, 0% used [0x00000000eab00000,0x00000000eab00000,0x00000000eac80000)
  from space 1024K, 18% used [0x00000000eac80000,0x00000000eacb0000,0x00000000ead80000)
  to   space 512K, 0% used [0x00000000ead80000,0x00000000ead80000,0x00000000eae00000)
 ParOldGen       total 151040K, used 122976K [0x00000000c0000000, 0x00000000c9380000, 0x00000000eab00000)
  object space 151040K, 81% used [0x00000000c0000000,0x00000000c7818258,0x00000000c9380000)
 Metaspace       used 75952K, capacity 78868K, committed 78896K, reserved 1120256K
  class space    used 7291K, capacity 8315K, committed 8320K, reserved 1048576K
}
Event: 423.705 GC heap before
{Heap before GC invocations=1630 (full 34):
 PSYoungGen      total 2560K, used 1728K [0x00000000eab00000, 0x00000000eae00000, 0x0000000100000000)
  eden space 1536K, 100% used [0x00000000eab00000,0x00000000eac80000,0x00000000eac80000)
  from space 1024K, 18% used [0x00000000eac80000,0x00000000eacb0000,0x00000000ead80000)
  to   space 512K, 0% used [0x00000000ead80000,0x00000000ead80000,0x00000000eae00000)
 ParOldGen       total 151040K, used 122976K [0x00000000c0000000, 0x00000000c9380000, 0x00000000eab00000)
  object space 151040K, 81% used [0x00000000c0000000,0x00000000c7818258,0x00000000c9380000)
 Metaspace       used 75952K, capacity 78868K, committed 78896K, reserved 1120256K
  class space    used 7291K, capacity 8315K, committed 8320K, reserved 1048576K
}
Event: 423.706 GC heap after
{Heap after GC invocations=1630 (full 34):
 PSYoungGen      total 2048K, used 500K [0x00000000eab00000, 0x00000000eaf00000, 0x0000000100000000)
  eden space 1536K, 0% used [0x00000000eab00000,0x00000000eab00000,0x00000000eac80000)
  from space 512K, 97% used [0x00000000ead80000,0x00000000eadfd200,0x00000000eae00000)
  to   space 1024K, 0% used [0x00000000eac80000,0x00000000eac80000,0x00000000ead80000)
 ParOldGen       total 151040K, used 123274K [0x00000000c0000000, 0x00000000c9380000, 0x00000000eab00000)
  object space 151040K, 81% used [0x00000000c0000000,0x00000000c7862b78,0x00000000c9380000)
 Metaspace       used 75952K, capacity 78868K, committed 78896K, reserved 1120256K
  class space    used 7291K, capacity 8315K, committed 8320K, reserved 1048576K
}
Event: 423.713 GC heap before
{Heap before GC invocations=1631 (full 34):
 PSYoungGen      total 2048K, used 2036K [0x00000000eab00000, 0x00000000eaf00000, 0x0000000100000000)
  eden space 1536K, 100% used [0x00000000eab00000,0x00000000eac80000,0x00000000eac80000)
  from space 512K, 97% used [0x00000000ead80000,0x00000000eadfd200,0x00000000eae00000)
  to   space 1024K, 0% used [0x00000000eac80000,0x00000000eac80000,0x00000000ead80000)
 ParOldGen       total 151040K, used 123274K [0x00000000c0000000, 0x00000000c9380000, 0x00000000eab00000)
  object space 151040K, 81% used [0x00000000c0000000,0x00000000c7862b78,0x00000000c9380000)
 Metaspace       used 75952K, capacity 78868K, committed 78896K, reserved 1120256K
  class space    used 7291K, capacity 8315K, committed 8320K, reserved 1048576K
}
Event: 423.714 GC heap after
{Heap after GC invocations=1631 (full 34):
 PSYoungGen      total 2560K, used 224K [0x00000000eab00000, 0x00000000eae00000, 0x0000000100000000)
  eden space 1536K, 0% used [0x00000000eab00000,0x00000000eab00000,0x00000000eac80000)
  from space 1024K, 21% used [0x00000000eac80000,0x00000000eacb8000,0x00000000ead80000)
  to   space 512K, 0% used [0x00000000ead80000,0x00000000ead80000,0x00000000eae00000)
 ParOldGen       total 151040K, used 123565K [0x00000000c0000000, 0x00000000c9380000, 0x00000000eab00000)
  object space 151040K, 81% used [0x00000000c0000000,0x00000000c78ab478,0x00000000c9380000)
 Metaspace       used 75952K, capacity 78868K, committed 78896K, reserved 1120256K
  class space    used 7291K, capacity 8315K, committed 8320K, reserved 1048576K
}
Event: 423.717 GC heap before
{Heap before GC invocations=1632 (full 34):
 PSYoungGen      total 2560K, used 1760K [0x00000000eab00000, 0x00000000eae00000, 0x0000000100000000)
  eden space 1536K, 100% used [0x00000000eab00000,0x00000000eac80000,0x00000000eac80000)
  from space 1024K, 21% used [0x00000000eac80000,0x00000000eacb8000,0x00000000ead80000)
  to   space 512K, 0% used [0x00000000ead80000,0x00000000ead80000,0x00000000eae00000)
 ParOldGen       total 151040K, used 123565K [0x00000000c0000000, 0x00000000c9380000, 0x00000000eab00000)
  object space 151040K, 81% used [0x00000000c0000000,0x00000000c78ab478,0x00000000c9380000)
 Metaspace       used 75952K, capacity 78868K, committed 78896K, reserved 1120256K
  class space    used 7291K, capacity 8315K, committed 8320K, reserved 1048576K
}
Event: 423.719 GC heap after
{Heap after GC invocations=1632 (full 34):
 PSYoungGen      total 2048K, used 506K [0x00000000eab00000, 0x00000000eaf00000, 0x0000000100000000)
  eden space 1536K, 0% used [0x00000000eab00000,0x00000000eab00000,0x00000000eac80000)
  from space 512K, 98% used [0x00000000ead80000,0x00000000eadfe900,0x00000000eae00000)
  to   space 1024K, 0% used [0x00000000eac80000,0x00000000eac80000,0x00000000ead80000)
 ParOldGen       total 151040K, used 123905K [0x00000000c0000000, 0x00000000c9380000, 0x00000000eab00000)
  object space 151040K, 82% used [0x00000000c0000000,0x00000000c7900698,0x00000000c9380000)
 Metaspace       used 75952K, capacity 78868K, committed 78896K, reserved 1120256K
  class space    used 7291K, capacity 8315K, committed 8320K, reserved 1048576K
}
Event: 423.728 GC heap before
{Heap before GC invocations=1633 (full 34):
 PSYoungGen      total 2048K, used 2042K [0x00000000eab00000, 0x00000000eaf00000, 0x0000000100000000)
  eden space 1536K, 100% used [0x00000000eab00000,0x00000000eac80000,0x00000000eac80000)
  from space 512K, 98% used [0x00000000ead80000,0x00000000eadfe900,0x00000000eae00000)
  to   space 1024K, 0% used [0x00000000eac80000,0x00000000eac80000,0x00000000ead80000)
 ParOldGen       total 151040K, used 123905K [0x00000000c0000000, 0x00000000c9380000, 0x00000000eab00000)
  object space 151040K, 82% used [0x00000000c0000000,0x00000000c7900698,0x00000000c9380000)
 Metaspace       used 75952K, capacity 78868K, committed 78896K, reserved 1120256K
  class space    used 7291K, capacity 8315K, committed 8320K, reserved 1048576K
}

